2025-03-28 09:08:15,360 INFO o.a.j.u.JMeterUtils: Setting Locale to en_EN
2025-03-28 09:08:15,378 INFO o.a.j.JMeter: Loading user properties from: C:\Users\Administrator\Desktop\apache-jmeter-5.6.3\apache-jmeter-5.6.3\bin\user.properties
2025-03-28 09:08:15,380 INFO o.a.j.JMeter: Loading system properties from: C:\Users\Administrator\Desktop\apache-jmeter-5.6.3\apache-jmeter-5.6.3\bin\system.properties
2025-03-28 09:08:15,390 INFO o.a.j.JMeter: Copyright (c) 1998-2024 The Apache Software Foundation
2025-03-28 09:08:15,390 INFO o.a.j.JMeter: Version 5.6.3
2025-03-28 09:08:15,390 INFO o.a.j.JMeter: java.version=24
2025-03-28 09:08:15,390 INFO o.a.j.JMeter: java.vm.name=Java HotSpot(TM) 64-Bit Server VM
2025-03-28 09:08:15,390 INFO o.a.j.JMeter: os.name=Windows Server 2022
2025-03-28 09:08:15,390 INFO o.a.j.JMeter: os.arch=amd64
2025-03-28 09:08:15,390 INFO o.a.j.JMeter: os.version=10.0
2025-03-28 09:08:15,390 INFO o.a.j.JMeter: file.encoding=UTF-8
2025-03-28 09:08:15,390 INFO o.a.j.JMeter: java.awt.headless=true
2025-03-28 09:08:15,390 INFO o.a.j.JMeter: Max memory     =1073741824
2025-03-28 09:08:15,390 INFO o.a.j.JMeter: Available Processors =4
2025-03-28 09:08:15,407 INFO o.a.j.JMeter: Default Locale=English (EN)
2025-03-28 09:08:15,410 INFO o.a.j.JMeter: JMeter  Locale=English (EN)
2025-03-28 09:08:15,410 INFO o.a.j.JMeter: JMeterHome=C:\Users\Administrator\Desktop\apache-jmeter-5.6.3\apache-jmeter-5.6.3
2025-03-28 09:08:15,410 INFO o.a.j.JMeter: user.dir  =C:\Users\Administrator\Desktop\Chaos
2025-03-28 09:08:15,410 INFO o.a.j.JMeter: PWD       =C:\Users\Administrator\Desktop\Chaos
2025-03-28 09:08:15,416 INFO o.a.j.JMeter: IP: 172.31.60.87 Name: EC2AMAZ-LAEQ1CL FullName: 172.31.60.87
2025-03-28 09:08:15,429 INFO o.a.j.s.FileServer: Default base='C:\Users\Administrator\Desktop\Chaos'
2025-03-28 09:08:15,431 INFO o.a.j.s.FileServer: Set new base='C:\Users\Administrator\Desktop\Chaos'
2025-03-28 09:08:15,784 INFO o.a.j.s.SaveService: Testplan (JMX) version: 2.2. Testlog (JTL) version: 2.2
2025-03-28 09:08:15,824 INFO o.a.j.s.SaveService: Using SaveService properties version 5.0
2025-03-28 09:08:15,828 INFO o.a.j.s.SaveService: Using SaveService properties file encoding UTF-8
2025-03-28 09:08:15,833 INFO o.a.j.s.SaveService: Loading file: C:\Users\Administrator\Desktop\Chaos\Handson_31_jpet.jmx
2025-03-28 09:08:15,897 INFO o.a.j.p.h.s.HTTPSamplerBase: Parser for text/html is org.apache.jmeter.protocol.http.parser.LagartoBasedHtmlParser
2025-03-28 09:08:15,897 INFO o.a.j.p.h.s.HTTPSamplerBase: Parser for application/xhtml+xml is org.apache.jmeter.protocol.http.parser.LagartoBasedHtmlParser
2025-03-28 09:08:15,897 INFO o.a.j.p.h.s.HTTPSamplerBase: Parser for application/xml is org.apache.jmeter.protocol.http.parser.LagartoBasedHtmlParser
2025-03-28 09:08:15,897 INFO o.a.j.p.h.s.HTTPSamplerBase: Parser for text/xml is org.apache.jmeter.protocol.http.parser.LagartoBasedHtmlParser
2025-03-28 09:08:15,897 INFO o.a.j.p.h.s.HTTPSamplerBase: Parser for text/vnd.wap.wml is org.apache.jmeter.protocol.http.parser.RegexpHTMLParser
2025-03-28 09:08:15,897 INFO o.a.j.p.h.s.HTTPSamplerBase: Parser for text/css is org.apache.jmeter.protocol.http.parser.CssParser
2025-03-28 09:08:16,129 INFO o.a.j.e.KeyToolUtils: keytool found at 'keytool'
2025-03-28 09:08:16,129 INFO o.a.j.p.h.p.ProxyControl: HTTP(S) Test Script Recorder SSL Proxy will use keys that support embedded 3rd party resources in file C:\Users\Administrator\Desktop\apache-jmeter-5.6.3\apache-jmeter-5.6.3\bin\proxyserver.jks
2025-03-28 09:08:16,166 INFO o.a.j.JMeter: Creating summariser <summary>
2025-03-28 09:08:16,187 INFO o.a.j.e.StandardJMeterEngine: Running the test!
2025-03-28 09:08:16,189 INFO o.a.j.s.SampleEvent: List of sample_variables: []
2025-03-28 09:08:16,189 INFO o.a.j.s.SampleEvent: List of sample_variables: []
2025-03-28 09:08:16,195 INFO o.a.j.e.u.CompoundVariable: Note: Function class names must contain the string: '.functions.'
2025-03-28 09:08:16,195 INFO o.a.j.e.u.CompoundVariable: Note: Function class names must not contain the string: '.gui.'
2025-03-28 09:08:16,269 INFO o.a.j.r.ClassFinder: Will scan jar C:\Users\Administrator\Desktop\apache-jmeter-5.6.3\apache-jmeter-5.6.3\lib\ext\har-convertor-jmeter-plugin-6.0-jar-with-dependencies.jar with filter ExtendsClassFilter [parents=[interface org.apache.jmeter.functions.Function], inner=false, contains=null, notContains=null]. Consider exposing JMeter plugins via META-INF/services, and add JMeter-Skip-Class-Scanning=true manifest attribute so JMeter can skip classfile scanning
2025-03-28 09:08:16,593 INFO o.a.j.JMeter: Running test (1743152896593)
2025-03-28 09:08:16,618 INFO o.a.j.e.StandardJMeterEngine: Starting ThreadGroup: 1 : Thread Group
2025-03-28 09:08:16,618 INFO o.a.j.e.StandardJMeterEngine: Starting 1 threads for group Thread Group.
2025-03-28 09:08:16,618 INFO o.a.j.e.StandardJMeterEngine: Thread will continue on error
2025-03-28 09:08:16,620 INFO o.a.j.t.ThreadGroup: Starting thread group... number=1 threads=1 ramp-up=1 delayedStart=false
2025-03-28 09:08:16,633 INFO o.a.j.t.ThreadGroup: Started thread group number 1
2025-03-28 09:08:16,633 INFO o.a.j.e.StandardJMeterEngine: All thread groups have been started
2025-03-28 09:08:16,635 INFO o.a.j.t.JMeterThread: Thread started: Thread Group 1-1
2025-03-28 09:08:16,656 INFO o.a.j.p.h.s.HTTPHCAbstractImpl: Local host = EC2AMAZ-LAEQ1CL
2025-03-28 09:08:16,665 INFO o.a.j.p.h.s.HTTPHC4Impl: HTTP request retry count = 0
2025-03-28 09:08:16,667 INFO o.a.j.s.SampleResult: Note: Sample TimeStamps are START times
2025-03-28 09:08:16,667 INFO o.a.j.s.SampleResult: sampleresult.default.encoding is set to UTF-8
2025-03-28 09:08:16,667 INFO o.a.j.s.SampleResult: sampleresult.useNanoTime=true
2025-03-28 09:08:16,667 INFO o.a.j.s.SampleResult: sampleresult.nanoThreadSleep=5000
2025-03-28 09:08:16,778 INFO o.a.j.p.h.s.h.LazyLayeredConnectionSocketFactory: Setting up HTTPS TrustAll Socket Factory
2025-03-28 09:08:16,786 INFO o.a.j.u.JsseSSLManager: Using default SSL protocol: TLS
2025-03-28 09:08:16,786 INFO o.a.j.u.JsseSSLManager: SSL session context: per-thread
2025-03-28 09:08:17,012 INFO o.a.j.u.SSLManager: JmeterKeyStore Location:  type JKS
2025-03-28 09:08:17,016 INFO o.a.j.u.SSLManager: KeyStore created OK
2025-03-28 09:08:17,016 WARN o.a.j.u.SSLManager: Keystore file not found, loading empty keystore
2025-03-28 09:08:27,982 INFO o.a.j.t.JMeterThread: Thread is done: Thread Group 1-1
2025-03-28 09:08:27,982 INFO o.a.j.t.JMeterThread: Thread finished: Thread Group 1-1
2025-03-28 09:08:27,984 INFO o.a.j.e.StandardJMeterEngine: Notifying test listeners of end of test
2025-03-28 09:08:27,987 INFO o.a.j.r.Summariser: summary =     60 in 00:00:11 =    5.3/s Avg:   186 Min:   170 Max:  1001 Err:     0 (0.00%)
